<?xml version="1.0" encoding="UTF-8"?>
<testng-results skipped="0" failed="2" total="20" passed="18">
  <reporter-output>
  </reporter-output>
  <suite name="Command line suite" duration-ms="67389" started-at="2019-04-14T05:02:16Z" finished-at="2019-04-14T05:03:24Z">
    <groups>
      <group name="Resgression">
        <method signature="Login_TestCase.validUsername_Password()[pri:0, instance:TestNgDemo.TestNgMaven.Login_TestCase@735f7ae5]" name="validUsername_Password" class="TestNgDemo.TestNgMaven.Login_TestCase"/>
      </group> <!-- Resgression -->
      <group name="Regression">
        <method signature="Login_TestCase.Check_PlaceHolder_Password()[pri:0, instance:TestNgDemo.TestNgMaven.Login_TestCase@735f7ae5]" name="Check_PlaceHolder_Password" class="TestNgDemo.TestNgMaven.Login_TestCase"/>
        <method signature="Login_TestCase.Check_PlaceHolder_Username()[pri:0, instance:TestNgDemo.TestNgMaven.Login_TestCase@735f7ae5]" name="Check_PlaceHolder_Username" class="TestNgDemo.TestNgMaven.Login_TestCase"/>
        <method signature="Login_TestCase.Verify_Url()[pri:0, instance:TestNgDemo.TestNgMaven.Login_TestCase@735f7ae5]" name="Verify_Url" class="TestNgDemo.TestNgMaven.Login_TestCase"/>
        <method signature="Login_TestCase.blank_username_password()[pri:0, instance:TestNgDemo.TestNgMaven.Login_TestCase@735f7ae5]" name="blank_username_password" class="TestNgDemo.TestNgMaven.Login_TestCase"/>
        <method signature="Login_TestCase.check_Button_color()[pri:0, instance:TestNgDemo.TestNgMaven.Login_TestCase@735f7ae5]" name="check_Button_color" class="TestNgDemo.TestNgMaven.Login_TestCase"/>
        <method signature="Login_TestCase.check_Links()[pri:0, instance:TestNgDemo.TestNgMaven.Login_TestCase@735f7ae5]" name="check_Links" class="TestNgDemo.TestNgMaven.Login_TestCase"/>
        <method signature="Login_TestCase.invalidusername_password()[pri:0, instance:TestNgDemo.TestNgMaven.Login_TestCase@735f7ae5]" name="invalidusername_password" class="TestNgDemo.TestNgMaven.Login_TestCase"/>
        <method signature="Login_TestCase.loginsesion()[pri:0, instance:TestNgDemo.TestNgMaven.Login_TestCase@735f7ae5]" name="loginsesion" class="TestNgDemo.TestNgMaven.Login_TestCase"/>
        <method signature="Login_TestCase.verifyApplicationTitle()[pri:0, instance:TestNgDemo.TestNgMaven.Login_TestCase@735f7ae5]" name="verifyApplicationTitle" class="TestNgDemo.TestNgMaven.Login_TestCase"/>
        <method signature="Login_TestCase.verify_Title()[pri:0, instance:TestNgDemo.TestNgMaven.Login_TestCase@735f7ae5]" name="verify_Title" class="TestNgDemo.TestNgMaven.Login_TestCase"/>
      </group> <!-- Regression -->
      <group name="Smoke">
        <method signature="Login_TestCase.Verify_Url_DashBoard()[pri:0, instance:TestNgDemo.TestNgMaven.Login_TestCase@735f7ae5]" name="Verify_Url_DashBoard" class="TestNgDemo.TestNgMaven.Login_TestCase"/>
        <method signature="Login_TestCase.heading_Dashboard()[pri:0, instance:TestNgDemo.TestNgMaven.Login_TestCase@735f7ae5]" name="heading_Dashboard" class="TestNgDemo.TestNgMaven.Login_TestCase"/>
        <method signature="Login_TestCase.verifyApplicationTitle_DashBoard()[pri:0, instance:TestNgDemo.TestNgMaven.Login_TestCase@735f7ae5]" name="verifyApplicationTitle_DashBoard" class="TestNgDemo.TestNgMaven.Login_TestCase"/>
      </group> <!-- Smoke -->
      <group name="Unit">
        <method signature="Login_TestCase.Click_On_AddUser_Btn()[pri:0, instance:TestNgDemo.TestNgMaven.Login_TestCase@735f7ae5]" name="Click_On_AddUser_Btn" class="TestNgDemo.TestNgMaven.Login_TestCase"/>
        <method signature="Login_TestCase.Fill_Form()[pri:0, instance:TestNgDemo.TestNgMaven.Login_TestCase@735f7ae5]" name="Fill_Form" class="TestNgDemo.TestNgMaven.Login_TestCase"/>
        <method signature="Login_TestCase.clickOn_OperatorBtn()[pri:0, instance:TestNgDemo.TestNgMaven.Login_TestCase@735f7ae5]" name="clickOn_OperatorBtn" class="TestNgDemo.TestNgMaven.Login_TestCase"/>
        <method signature="Login_TestCase.click_OnUser()[pri:0, instance:TestNgDemo.TestNgMaven.Login_TestCase@735f7ae5]" name="click_OnUser" class="TestNgDemo.TestNgMaven.Login_TestCase"/>
        <method signature="Login_TestCase.getTableData()[pri:0, instance:TestNgDemo.TestNgMaven.Login_TestCase@735f7ae5]" name="getTableData" class="TestNgDemo.TestNgMaven.Login_TestCase"/>
        <method signature="Login_TestCase.logOutBtn()[pri:0, instance:TestNgDemo.TestNgMaven.Login_TestCase@735f7ae5]" name="logOutBtn" class="TestNgDemo.TestNgMaven.Login_TestCase"/>
      </group> <!-- Unit -->
    </groups>
    <test name="Command line test" duration-ms="67389" started-at="2019-04-14T05:02:16Z" finished-at="2019-04-14T05:03:24Z">
      <class name="TestNgDemo.TestNgMaven.Login_TestCase">
        <test-method status="PASS" signature="setup_Browser()[pri:0, instance:TestNgDemo.TestNgMaven.Login_TestCase@735f7ae5]" name="setup_Browser" is-config="true" duration-ms="7429" started-at="2019-04-14T10:32:09Z" finished-at="2019-04-14T10:32:16Z">
          <reporter-output>
          </reporter-output>
        </test-method> <!-- setup_Browser -->
        <test-method status="PASS" signature="Verify_Url()[pri:0, instance:TestNgDemo.TestNgMaven.Login_TestCase@735f7ae5]" name="Verify_Url" duration-ms="14" started-at="2019-04-14T10:32:16Z" finished-at="2019-04-14T10:32:17Z">
          <reporter-output>
          </reporter-output>
        </test-method> <!-- Verify_Url -->
        <test-method status="PASS" signature="verifyApplicationTitle()[pri:0, instance:TestNgDemo.TestNgMaven.Login_TestCase@735f7ae5]" name="verifyApplicationTitle" duration-ms="9" started-at="2019-04-14T10:32:17Z" finished-at="2019-04-14T10:32:17Z">
          <reporter-output>
          </reporter-output>
        </test-method> <!-- verifyApplicationTitle -->
        <test-method status="PASS" signature="verify_Title()[pri:0, instance:TestNgDemo.TestNgMaven.Login_TestCase@735f7ae5]" name="verify_Title" duration-ms="78" started-at="2019-04-14T10:32:17Z" finished-at="2019-04-14T10:32:17Z">
          <reporter-output>
          </reporter-output>
        </test-method> <!-- verify_Title -->
        <test-method status="PASS" signature="loginsesion()[pri:0, instance:TestNgDemo.TestNgMaven.Login_TestCase@735f7ae5]" name="loginsesion" duration-ms="10" started-at="2019-04-14T10:32:17Z" finished-at="2019-04-14T10:32:17Z">
          <reporter-output>
          </reporter-output>
        </test-method> <!-- loginsesion -->
        <test-method status="PASS" signature="Check_PlaceHolder_Username()[pri:0, instance:TestNgDemo.TestNgMaven.Login_TestCase@735f7ae5]" name="Check_PlaceHolder_Username" duration-ms="21" started-at="2019-04-14T10:32:17Z" finished-at="2019-04-14T10:32:17Z">
          <reporter-output>
          </reporter-output>
        </test-method> <!-- Check_PlaceHolder_Username -->
        <test-method status="PASS" signature="Check_PlaceHolder_Password()[pri:0, instance:TestNgDemo.TestNgMaven.Login_TestCase@735f7ae5]" name="Check_PlaceHolder_Password" duration-ms="16" started-at="2019-04-14T10:32:17Z" finished-at="2019-04-14T10:32:17Z">
          <reporter-output>
          </reporter-output>
        </test-method> <!-- Check_PlaceHolder_Password -->
        <test-method status="PASS" signature="check_Button_color()[pri:0, instance:TestNgDemo.TestNgMaven.Login_TestCase@735f7ae5]" name="check_Button_color" duration-ms="47" started-at="2019-04-14T10:32:17Z" finished-at="2019-04-14T10:32:17Z">
          <reporter-output>
          </reporter-output>
        </test-method> <!-- check_Button_color -->
        <test-method status="PASS" signature="check_Links()[pri:0, instance:TestNgDemo.TestNgMaven.Login_TestCase@735f7ae5]" name="check_Links" duration-ms="36" started-at="2019-04-14T10:32:17Z" finished-at="2019-04-14T10:32:17Z">
          <reporter-output>
          </reporter-output>
        </test-method> <!-- check_Links -->
        <test-method status="PASS" signature="blank_username_password()[pri:0, instance:TestNgDemo.TestNgMaven.Login_TestCase@735f7ae5]" name="blank_username_password" duration-ms="238" started-at="2019-04-14T10:32:17Z" finished-at="2019-04-14T10:32:17Z">
          <reporter-output>
          </reporter-output>
        </test-method> <!-- blank_username_password -->
        <test-method status="PASS" signature="invalidusername_password()[pri:0, instance:TestNgDemo.TestNgMaven.Login_TestCase@735f7ae5]" name="invalidusername_password" duration-ms="4377" started-at="2019-04-14T10:32:17Z" finished-at="2019-04-14T10:32:21Z">
          <reporter-output>
          </reporter-output>
        </test-method> <!-- invalidusername_password -->
        <test-method status="PASS" signature="validUsername_Password()[pri:0, instance:TestNgDemo.TestNgMaven.Login_TestCase@735f7ae5]" name="validUsername_Password" duration-ms="18003" started-at="2019-04-14T10:32:21Z" finished-at="2019-04-14T10:32:39Z">
          <reporter-output>
          </reporter-output>
        </test-method> <!-- validUsername_Password -->
        <test-method status="FAIL" signature="Verify_Url_DashBoard()[pri:0, instance:TestNgDemo.TestNgMaven.Login_TestCase@735f7ae5]" name="Verify_Url_DashBoard" duration-ms="34" started-at="2019-04-14T10:32:39Z" finished-at="2019-04-14T10:32:39Z">
          <exception class="java.lang.AssertionError">
            <message>
              <![CDATA[expected [file:///D:/AdminLTE/index.html] but found [file:///D:/AdminLTE/pages/examples/dashboard.html]]]>
            </message>
            <full-stacktrace>
              <![CDATA[java.lang.AssertionError: expected [file:///D:/AdminLTE/index.html] but found [file:///D:/AdminLTE/pages/examples/dashboard.html]
	at org.testng.Assert.fail(Assert.java:94)
	at org.testng.Assert.failNotEquals(Assert.java:494)
	at org.testng.Assert.assertEquals(Assert.java:123)
	at org.testng.Assert.assertEquals(Assert.java:176)
	at org.testng.Assert.assertEquals(Assert.java:186)
	at TestNgDemo.TestNgMaven.Login_TestCase.Verify_Url_DashBoard(Login_TestCase.java:207)
	at sun.reflect.NativeMethodAccessorImpl.invoke0(Native Method)
	at sun.reflect.NativeMethodAccessorImpl.invoke(NativeMethodAccessorImpl.java:62)
	at sun.reflect.DelegatingMethodAccessorImpl.invoke(DelegatingMethodAccessorImpl.java:43)
	at java.lang.reflect.Method.invoke(Method.java:498)
	at org.testng.internal.MethodInvocationHelper.invokeMethod(MethodInvocationHelper.java:80)
	at org.testng.internal.Invoker.invokeMethod(Invoker.java:714)
	at org.testng.internal.Invoker.invokeTestMethod(Invoker.java:901)
	at org.testng.internal.Invoker.invokeTestMethods(Invoker.java:1231)
	at org.testng.internal.TestMethodWorker.invokeTestMethods(TestMethodWorker.java:127)
	at org.testng.internal.TestMethodWorker.run(TestMethodWorker.java:111)
	at org.testng.TestRunner.privateRun(TestRunner.java:767)
	at org.testng.TestRunner.run(TestRunner.java:617)
	at org.testng.SuiteRunner.runTest(SuiteRunner.java:334)
	at org.testng.SuiteRunner.runSequentially(SuiteRunner.java:329)
	at org.testng.SuiteRunner.privateRun(SuiteRunner.java:291)
	at org.testng.SuiteRunner.run(SuiteRunner.java:240)
	at org.testng.SuiteRunnerWorker.runSuite(SuiteRunnerWorker.java:52)
	at org.testng.SuiteRunnerWorker.run(SuiteRunnerWorker.java:86)
	at org.testng.TestNG.runSuitesSequentially(TestNG.java:1198)
	at org.testng.TestNG.runSuitesLocally(TestNG.java:1123)
	at org.testng.TestNG.run(TestNG.java:1031)
	at org.apache.maven.surefire.testng.TestNGExecutor.run(TestNGExecutor.java:77)
	at org.apache.maven.surefire.testng.TestNGDirectoryTestSuite.executeMulti(TestNGDirectoryTestSuite.java:159)
	at org.apache.maven.surefire.testng.TestNGDirectoryTestSuite.execute(TestNGDirectoryTestSuite.java:99)
	at org.apache.maven.surefire.testng.TestNGProvider.invoke(TestNGProvider.java:106)
	at sun.reflect.NativeMethodAccessorImpl.invoke0(Native Method)
	at sun.reflect.NativeMethodAccessorImpl.invoke(NativeMethodAccessorImpl.java:62)
	at sun.reflect.DelegatingMethodAccessorImpl.invoke(DelegatingMethodAccessorImpl.java:43)
	at java.lang.reflect.Method.invoke(Method.java:498)
	at org.apache.maven.surefire.util.ReflectionUtils.invokeMethodWithArray(ReflectionUtils.java:189)
	at org.apache.maven.surefire.booter.ProviderFactory$ProviderProxy.invoke(ProviderFactory.java:165)
	at org.apache.maven.surefire.booter.ProviderFactory.invokeProvider(ProviderFactory.java:85)
	at org.apache.maven.surefire.booter.ForkedBooter.runSuitesInProcess(ForkedBooter.java:115)
	at org.apache.maven.surefire.booter.ForkedBooter.main(ForkedBooter.java:75)
]]>
            </full-stacktrace>
          </exception> <!-- java.lang.AssertionError -->
          <reporter-output>
          </reporter-output>
        </test-method> <!-- Verify_Url_DashBoard -->
        <test-method status="PASS" signature="verifyApplicationTitle_DashBoard()[pri:0, instance:TestNgDemo.TestNgMaven.Login_TestCase@735f7ae5]" name="verifyApplicationTitle_DashBoard" duration-ms="22" started-at="2019-04-14T10:32:39Z" finished-at="2019-04-14T10:32:39Z">
          <reporter-output>
          </reporter-output>
        </test-method> <!-- verifyApplicationTitle_DashBoard -->
        <test-method status="PASS" signature="heading_Dashboard()[pri:0, instance:TestNgDemo.TestNgMaven.Login_TestCase@735f7ae5]" name="heading_Dashboard" duration-ms="2057" started-at="2019-04-14T10:32:39Z" finished-at="2019-04-14T10:32:41Z">
          <reporter-output>
          </reporter-output>
        </test-method> <!-- heading_Dashboard -->
        <test-method status="PASS" signature="click_OnUser()[pri:0, instance:TestNgDemo.TestNgMaven.Login_TestCase@735f7ae5]" name="click_OnUser" duration-ms="2664" started-at="2019-04-14T10:32:41Z" finished-at="2019-04-14T10:32:44Z">
          <reporter-output>
          </reporter-output>
        </test-method> <!-- click_OnUser -->
        <test-method status="PASS" signature="getTableData()[pri:0, instance:TestNgDemo.TestNgMaven.Login_TestCase@735f7ae5]" name="getTableData" duration-ms="7570" started-at="2019-04-14T10:32:44Z" finished-at="2019-04-14T10:32:52Z">
          <reporter-output>
          </reporter-output>
        </test-method> <!-- getTableData -->
        <test-method status="PASS" signature="Click_On_AddUser_Btn()[pri:0, instance:TestNgDemo.TestNgMaven.Login_TestCase@735f7ae5]" name="Click_On_AddUser_Btn" duration-ms="2398" started-at="2019-04-14T10:32:52Z" finished-at="2019-04-14T10:32:54Z">
          <reporter-output>
          </reporter-output>
        </test-method> <!-- Click_On_AddUser_Btn -->
        <test-method status="PASS" signature="Fill_Form()[pri:0, instance:TestNgDemo.TestNgMaven.Login_TestCase@735f7ae5]" name="Fill_Form" duration-ms="14549" started-at="2019-04-14T10:32:54Z" finished-at="2019-04-14T10:33:09Z">
          <reporter-output>
          </reporter-output>
        </test-method> <!-- Fill_Form -->
        <test-method status="PASS" signature="clickOn_OperatorBtn()[pri:0, instance:TestNgDemo.TestNgMaven.Login_TestCase@735f7ae5]" name="clickOn_OperatorBtn" duration-ms="10081" started-at="2019-04-14T10:33:09Z" finished-at="2019-04-14T10:33:19Z">
          <reporter-output>
          </reporter-output>
        </test-method> <!-- clickOn_OperatorBtn -->
        <test-method status="FAIL" signature="logOutBtn()[pri:0, instance:TestNgDemo.TestNgMaven.Login_TestCase@735f7ae5]" name="logOutBtn" duration-ms="5129" started-at="2019-04-14T10:33:19Z" finished-at="2019-04-14T10:33:24Z">
          <exception class="org.openqa.selenium.NoSuchElementException">
            <message>
              <![CDATA[Unable to locate element: {"method":"xpath","selector":"//span[contains(text(),'Logout1')]"}
Command duration or timeout: 5.11 seconds
For documentation on this error, please visit: http://seleniumhq.org/exceptions/no_such_element.html
Build info: version: '2.53.0', revision: '35ae25b1534ae328c771e0856c93e187490ca824', time: '2016-03-15 10:43:46'
System info: host: 'DESKTOP-MDH6837', ip: '192.168.217.1', os.name: 'Windows 10', os.arch: 'amd64', os.version: '10.0', java.version: '1.8.0_144'
Driver info: org.openqa.selenium.firefox.FirefoxDriver
Capabilities [{applicationCacheEnabled=true, rotatable=false, handlesAlerts=true, databaseEnabled=true, version=46.0.1, platform=WINDOWS, nativeEvents=false, acceptSslCerts=true, webStorageEnabled=true, locationContextEnabled=true, browserName=firefox, takesScreenshot=true, javascriptEnabled=true, cssSelectorsEnabled=true}]
Session ID: 41357a2a-9dcd-4405-bf1f-2ac8c50aa2bb
*** Element info: {Using=xpath, value=//span[contains(text(),'Logout1')]}]]>
            </message>
            <full-stacktrace>
              <![CDATA[org.openqa.selenium.NoSuchElementException: Unable to locate element: {"method":"xpath","selector":"//span[contains(text(),'Logout1')]"}
Command duration or timeout: 5.11 seconds
For documentation on this error, please visit: http://seleniumhq.org/exceptions/no_such_element.html
Build info: version: '2.53.0', revision: '35ae25b1534ae328c771e0856c93e187490ca824', time: '2016-03-15 10:43:46'
System info: host: 'DESKTOP-MDH6837', ip: '192.168.217.1', os.name: 'Windows 10', os.arch: 'amd64', os.version: '10.0', java.version: '1.8.0_144'
Driver info: org.openqa.selenium.firefox.FirefoxDriver
Capabilities [{applicationCacheEnabled=true, rotatable=false, handlesAlerts=true, databaseEnabled=true, version=46.0.1, platform=WINDOWS, nativeEvents=false, acceptSslCerts=true, webStorageEnabled=true, locationContextEnabled=true, browserName=firefox, takesScreenshot=true, javascriptEnabled=true, cssSelectorsEnabled=true}]
Session ID: 41357a2a-9dcd-4405-bf1f-2ac8c50aa2bb
*** Element info: {Using=xpath, value=//span[contains(text(),'Logout1')]}
	at sun.reflect.NativeConstructorAccessorImpl.newInstance0(Native Method)
	at sun.reflect.NativeConstructorAccessorImpl.newInstance(NativeConstructorAccessorImpl.java:62)
	at sun.reflect.DelegatingConstructorAccessorImpl.newInstance(DelegatingConstructorAccessorImpl.java:45)
	at java.lang.reflect.Constructor.newInstance(Constructor.java:423)
	at org.openqa.selenium.remote.ErrorHandler.createThrowable(ErrorHandler.java:206)
	at org.openqa.selenium.remote.ErrorHandler.throwIfResponseFailed(ErrorHandler.java:158)
	at org.openqa.selenium.remote.RemoteWebDriver.execute(RemoteWebDriver.java:678)
	at org.openqa.selenium.remote.RemoteWebDriver.findElement(RemoteWebDriver.java:363)
	at org.openqa.selenium.remote.RemoteWebDriver.findElementByXPath(RemoteWebDriver.java:500)
	at org.openqa.selenium.By$ByXPath.findElement(By.java:361)
	at org.openqa.selenium.remote.RemoteWebDriver.findElement(RemoteWebDriver.java:355)
	at TestNgDemo.TestNgMaven.Login_TestCase.logOutBtn(Login_TestCase.java:349)
	at sun.reflect.NativeMethodAccessorImpl.invoke0(Native Method)
	at sun.reflect.NativeMethodAccessorImpl.invoke(NativeMethodAccessorImpl.java:62)
	at sun.reflect.DelegatingMethodAccessorImpl.invoke(DelegatingMethodAccessorImpl.java:43)
	at java.lang.reflect.Method.invoke(Method.java:498)
	at org.testng.internal.MethodInvocationHelper.invokeMethod(MethodInvocationHelper.java:80)
	at org.testng.internal.Invoker.invokeMethod(Invoker.java:714)
	at org.testng.internal.Invoker.invokeTestMethod(Invoker.java:901)
	at org.testng.internal.Invoker.invokeTestMethods(Invoker.java:1231)
	at org.testng.internal.TestMethodWorker.invokeTestMethods(TestMethodWorker.java:127)
	at org.testng.internal.TestMethodWorker.run(TestMethodWorker.java:111)
	at org.testng.TestRunner.privateRun(TestRunner.java:767)
	at org.testng.TestRunner.run(TestRunner.java:617)
	at org.testng.SuiteRunner.runTest(SuiteRunner.java:334)
	at org.testng.SuiteRunner.runSequentially(SuiteRunner.java:329)
	at org.testng.SuiteRunner.privateRun(SuiteRunner.java:291)
	at org.testng.SuiteRunner.run(SuiteRunner.java:240)
	at org.testng.SuiteRunnerWorker.runSuite(SuiteRunnerWorker.java:52)
	at org.testng.SuiteRunnerWorker.run(SuiteRunnerWorker.java:86)
	at org.testng.TestNG.runSuitesSequentially(TestNG.java:1198)
	at org.testng.TestNG.runSuitesLocally(TestNG.java:1123)
	at org.testng.TestNG.run(TestNG.java:1031)
	at org.apache.maven.surefire.testng.TestNGExecutor.run(TestNGExecutor.java:77)
	at org.apache.maven.surefire.testng.TestNGDirectoryTestSuite.executeMulti(TestNGDirectoryTestSuite.java:159)
	at org.apache.maven.surefire.testng.TestNGDirectoryTestSuite.execute(TestNGDirectoryTestSuite.java:99)
	at org.apache.maven.surefire.testng.TestNGProvider.invoke(TestNGProvider.java:106)
	at sun.reflect.NativeMethodAccessorImpl.invoke0(Native Method)
	at sun.reflect.NativeMethodAccessorImpl.invoke(NativeMethodAccessorImpl.java:62)
	at sun.reflect.DelegatingMethodAccessorImpl.invoke(DelegatingMethodAccessorImpl.java:43)
	at java.lang.reflect.Method.invoke(Method.java:498)
	at org.apache.maven.surefire.util.ReflectionUtils.invokeMethodWithArray(ReflectionUtils.java:189)
	at org.apache.maven.surefire.booter.ProviderFactory$ProviderProxy.invoke(ProviderFactory.java:165)
	at org.apache.maven.surefire.booter.ProviderFactory.invokeProvider(ProviderFactory.java:85)
	at org.apache.maven.surefire.booter.ForkedBooter.runSuitesInProcess(ForkedBooter.java:115)
	at org.apache.maven.surefire.booter.ForkedBooter.main(ForkedBooter.java:75)
Caused by: org.openqa.selenium.NoSuchElementException: Unable to locate element: {"method":"xpath","selector":"//span[contains(text(),'Logout1')]"}
For documentation on this error, please visit: http://seleniumhq.org/exceptions/no_such_element.html
Build info: version: '2.53.0', revision: '35ae25b1534ae328c771e0856c93e187490ca824', time: '2016-03-15 10:43:46'
System info: host: 'DESKTOP-MDH6837', ip: '192.168.217.1', os.name: 'Windows 10', os.arch: 'amd64', os.version: '10.0', java.version: '1.8.0_144'
Driver info: driver.version: unknown
	at <anonymous class>.FirefoxDriver.prototype.findElementInternal_(file:///C:/Users/darsh/AppData/Local/Temp/anonymous5558711799230897170webdriver-profile/extensions/fxdriver@googlecode.com/components/driver-component.js:10770)
	at <anonymous class>.fxdriver.Timer.prototype.setTimeout/<.notify(file:///C:/Users/darsh/AppData/Local/Temp/anonymous5558711799230897170webdriver-profile/extensions/fxdriver@googlecode.com/components/driver-component.js:625)
]]>
            </full-stacktrace>
          </exception> <!-- org.openqa.selenium.NoSuchElementException -->
          <reporter-output>
          </reporter-output>
        </test-method> <!-- logOutBtn -->
        <test-method status="PASS" signature="close_Browse()[pri:0, instance:TestNgDemo.TestNgMaven.Login_TestCase@735f7ae5]" name="close_Browse" is-config="true" duration-ms="1104" started-at="2019-04-14T10:33:24Z" finished-at="2019-04-14T10:33:25Z">
          <reporter-output>
          </reporter-output>
        </test-method> <!-- close_Browse -->
      </class> <!-- TestNgDemo.TestNgMaven.Login_TestCase -->
    </test> <!-- Command line test -->
  </suite> <!-- Command line suite -->
</testng-results>
